Flutter crash report.
Please report a bug at https://github.com/flutter/flutter/issues.

## command

flutter debug_adapter

## exception

FileSystemException: FileSystemException: writeFrom failed, path = '' (OS Error: The pipe is being closed.
, errno = 232)

```
#0      _checkForErrorResponse (dart:io/common.dart:56:9)
#1      _RandomAccessFile.writeFrom.<anonymous closure> (dart:io/file_impl.dart:885:7)
#2      _rootRunUnary (dart:async/zone.dart:1422:47)
<asynchronous suspension>
#3      _FileStreamConsumer.addStream.<anonymous closure>.<anonymous closure>.<anonymous closure> (dart:io/file_impl.dart:218:21)
<asynchronous suspension>
```

## flutter doctor

```
[✓] Flutter (Channel stable, 3.27.4, on Microsoft Windows [Version 10.0.26100.8037], locale en-US)
    • Flutter version 3.27.4 on channel stable at C:\src\flutter
    • Upstream repository https://github.com/flutter/flutter.git
    • Framework revision d8a9f9a52e (1 year, 2 months ago), 2025-01-31 16:07:18 -0500
    • Engine revision 82bd5b7209
    • Dart version 3.6.2
    • DevTools version 2.40.3

[✓] Windows Version (Installed version of Windows is version 10 or higher)

[!] Android toolchain - develop for Android devices (Android SDK version 36.0.0)
    • Android SDK at C:\Users\josinte\AppData\Local\Android\sdk
    • Platform android-36, build-tools 36.0.0
    • Java binary at: C:\Program Files\Android\Android Studio\jbr\bin\java
    • Java version OpenJDK Runtime Environment (build 21.0.6+-13368085-b895.109)
    ! Some Android licenses not accepted. To resolve this, run: flutter doctor --android-licenses

[✓] Chrome - develop for the web
    • Chrome at C:\Program Files\Google\Chrome\Application\chrome.exe

[✓] Visual Studio - develop Windows apps (Visual Studio Community 2022 17.14.7)
    • Visual Studio at C:\Program Files\Microsoft Visual Studio\2022\Community
    • Visual Studio Community 2022 version 17.14.36221.1
    • Windows 10 SDK version 10.0.26100.0

[✓] Android Studio (version 2025.1.1)
    • Android Studio at C:\Program Files\Android\Android Studio
    • Flutter plugin can be installed from:
      🔨 https://plugins.jetbrains.com/plugin/9212-flutter
    • Dart plugin can be installed from:
      🔨 https://plugins.jetbrains.com/plugin/6351-dart
    • Java version OpenJDK Runtime Environment (build 21.0.6+-13368085-b895.109)

[✓] Connected device (4 available)
    • sdk gphone64 x86 64 (mobile) • emulator-5554 • android-x64    • Android 16 (API 36) (emulator)
    • Windows (desktop)            • windows       • windows-x64    • Microsoft Windows [Version 10.0.26100.8037]
    • Chrome (web)                 • chrome        • web-javascript • Google Chrome 146.0.7680.80
    • Edge (web)                   • edge          • web-javascript • Microsoft Edge 146.0.3856.59

[✓] Network resources
    • All expected network resources are available.

! Doctor found issues in 1 category.
```
